E:\WORK\MP4V2-2.0.0\VSTUDIO9.0\CONVERT_PACKET\DEBUG\C_CONV_BASE.OBJ
E:\WORK\MP4V2-2.0.0\VSTUDIO9.0\CONVERT_PACKET\DEBUG\C_MP4_FILE.OBJ
E:\work\mp4v2-2.0.0\vstudio9.0\convert_packet\Debug\cl.command.1.tlog
E:\work\mp4v2-2.0.0\vstudio9.0\convert_packet\Debug\CL.read.1.tlog
E:\work\mp4v2-2.0.0\vstudio9.0\convert_packet\Debug\CL.write.1.tlog
E:\WORK\MP4V2-2.0.0\VSTUDIO9.0\CONVERT_PACKET\DEBUG\CONVERT_PACKET.DLL.EMBED.MANIFEST
E:\WORK\MP4V2-2.0.0\VSTUDIO9.0\CONVERT_PACKET\DEBUG\CONVERT_PACKET.DLL.EMBED.MANIFEST.RES
E:\WORK\MP4V2-2.0.0\VSTUDIO9.0\CONVERT_PACKET\DEBUG\CONVERT_PACKET.DLL.INTERMEDIATE.MANIFEST
E:\WORK\MP4V2-2.0.0\VSTUDIO9.0\CONVERT_PACKET\DEBUG\CONVERT_PACKET.OBJ
E:\WORK\MP4V2-2.0.0\VSTUDIO9.0\CONVERT_PACKET\DEBUG\CONVERT_PACKET.PCH
E:\work\mp4v2-2.0.0\vstudio9.0\convert_packet\Debug\convert_packet.vcxprojResolveAssemblyReference.cache
E:\work\mp4v2-2.0.0\vstudio9.0\convert_packet\Debug\convert_packet.write.1.tlog
E:\work\mp4v2-2.0.0\vstudio9.0\convert_packet\Debug\convert_packet_manifest.rc
E:\work\mp4v2-2.0.0\vstudio9.0\convert_packet\Debug\link.3788.read.1.tlog
E:\work\mp4v2-2.0.0\vstudio9.0\convert_packet\Debug\link.3788.write.1.tlog
E:\work\mp4v2-2.0.0\vstudio9.0\convert_packet\Debug\link.3788-cvtres.read.1.tlog
E:\work\mp4v2-2.0.0\vstudio9.0\convert_packet\Debug\link.3788-cvtres.write.1.tlog
E:\work\mp4v2-2.0.0\vstudio9.0\convert_packet\Debug\link.5520.read.1.tlog
E:\work\mp4v2-2.0.0\vstudio9.0\convert_packet\Debug\link.5520.write.1.tlog
E:\work\mp4v2-2.0.0\vstudio9.0\convert_packet\Debug\link.5520-cvtres.read.1.tlog
E:\work\mp4v2-2.0.0\vstudio9.0\convert_packet\Debug\link.5520-cvtres.write.1.tlog
E:\work\mp4v2-2.0.0\vstudio9.0\convert_packet\Debug\link.6348.read.1.tlog
E:\work\mp4v2-2.0.0\vstudio9.0\convert_packet\Debug\link.6348.write.1.tlog
E:\work\mp4v2-2.0.0\vstudio9.0\convert_packet\Debug\link.6348-cvtres.read.1.tlog
E:\work\mp4v2-2.0.0\vstudio9.0\convert_packet\Debug\link.6348-cvtres.write.1.tlog
E:\work\mp4v2-2.0.0\vstudio9.0\convert_packet\Debug\link.6408.read.1.tlog
E:\work\mp4v2-2.0.0\vstudio9.0\convert_packet\Debug\link.6408.write.1.tlog
E:\work\mp4v2-2.0.0\vstudio9.0\convert_packet\Debug\link.6408-cvtres.read.1.tlog
E:\work\mp4v2-2.0.0\vstudio9.0\convert_packet\Debug\link.6408-cvtres.write.1.tlog
E:\work\mp4v2-2.0.0\vstudio9.0\convert_packet\Debug\link.6944.read.1.tlog
E:\work\mp4v2-2.0.0\vstudio9.0\convert_packet\Debug\link.6944.write.1.tlog
E:\work\mp4v2-2.0.0\vstudio9.0\convert_packet\Debug\link.6944-cvtres.read.1.tlog
E:\work\mp4v2-2.0.0\vstudio9.0\convert_packet\Debug\link.6944-cvtres.write.1.tlog
E:\work\mp4v2-2.0.0\vstudio9.0\convert_packet\Debug\link.command.1.tlog
E:\work\mp4v2-2.0.0\vstudio9.0\convert_packet\Debug\link.read.1.tlog
E:\work\mp4v2-2.0.0\vstudio9.0\convert_packet\Debug\link.write.1.tlog
E:\work\mp4v2-2.0.0\vstudio9.0\convert_packet\Debug\link-cvtres.read.1.tlog
E:\work\mp4v2-2.0.0\vstudio9.0\convert_packet\Debug\link-cvtres.write.1.tlog
E:\work\mp4v2-2.0.0\vstudio9.0\convert_packet\Debug\mt.command.1.tlog
E:\work\mp4v2-2.0.0\vstudio9.0\convert_packet\Debug\mt.read.1.tlog
E:\work\mp4v2-2.0.0\vstudio9.0\convert_packet\Debug\mt.write.1.tlog
E:\work\mp4v2-2.0.0\vstudio9.0\convert_packet\Debug\rc.command.1.tlog
E:\work\mp4v2-2.0.0\vstudio9.0\convert_packet\Debug\rc.read.1.tlog
E:\work\mp4v2-2.0.0\vstudio9.0\convert_packet\Debug\rc.write.1.tlog
E:\WORK\MP4V2-2.0.0\VSTUDIO9.0\CONVERT_PACKET\DEBUG\STDAFX.OBJ
E:\work\mp4v2-2.0.0\vstudio9.0\convert_packet\Debug\vc100.idb
E:\WORK\MP4V2-2.0.0\VSTUDIO9.0\CONVERT_PACKET\DEBUG\VC100.PDB
E:\WORK\MP4V2-2.0.0\VSTUDIO9.0\DEBUG\CONVERT_PACKET.DLL
E:\work\mp4v2-2.0.0\vstudio9.0\Debug\convert_packet.exp
E:\WORK\MP4V2-2.0.0\VSTUDIO9.0\DEBUG\CONVERT_PACKET.ILK
E:\work\mp4v2-2.0.0\vstudio9.0\Debug\convert_packet.lib
E:\WORK\MP4V2-2.0.0\VSTUDIO9.0\DEBUG\CONVERT_PACKET.PDB
